<?xml version="1.0" encoding="UTF-8"?>
<!-- Generated by org.testng.reporters.JUnitXMLReporter -->
<testsuite hostname="SVINLP00359" ignored="0" name="Default test" tests="3" failures="0" timestamp="19 Jul 2019 09:35:26 GMT" time="0.029" errors="0">
  <testcase name="groupTestOne" time="0.007" classname="com.suntaragali.dependency.SimpleXmlDependency"/>
  <testcase name="groupTestThree" time="0.001" classname="com.suntaragali.dependency.SimpleXmlDependency"/>
  <testcase name="groupTestTwo" time="0.001" classname="com.suntaragali.dependency.SimpleXmlDependency"/>
</testsuite> <!-- Default test -->
