<?xml version="1.0" encoding="UTF-8"?>
<!-- Generated by org.testng.reporters.JUnitXMLReporter -->
<testsuite hostname="SVINLP00359" ignored="0" name="Default test" tests="3" failures="0" timestamp="19 Jul 2019 07:23:11 GMT" time="0.031" errors="0">
  <testcase name="startsWithMethodOne" time="0.014" classname="com.suntaragali.dependency.RegExDependency"/>
  <testcase name="startsWithMethodTwo" time="0.0" classname="com.suntaragali.dependency.RegExDependency"/>
  <testcase name="regularExpMethod" time="0.0" classname="com.suntaragali.dependency.RegExDependency"/>
</testsuite> <!-- Default test -->
