<?xml version="1.0" encoding="UTF-8"?>
<!-- Generated by org.testng.reporters.JUnitXMLReporter -->
<testsuite hostname="SVINLP00359" ignored="2" name="Parameter Test One" tests="1" failures="0" timestamp="18 Jul 2019 12:15:30 GMT" time="0.027" errors="0">
  <testcase name="parameterTestOne" time="0.009" classname="com.suntaragali.parameterization.ParameterTest"/>
  <testcase name="parameterTestTwo" time="0.0" classname="com.suntaragali.parameterization.ParameterTest">
    <ignored/>
  </testcase> <!-- parameterTestTwo -->
  <testcase name="parameterTestThree" time="0.0" classname="com.suntaragali.parameterization.ParameterTest">
    <ignored/>
  </testcase> <!-- parameterTestThree -->
</testsuite> <!-- Parameter Test One -->
