<?xml version="1.0" encoding="UTF-8"?>
<!-- Generated by org.testng.reporters.JUnitXMLReporter -->
<testsuite hostname="SVINLP00359" ignored="1" name="Include Exclude Group Test" tests="2" failures="0" timestamp="24 Jul 2019 07:51:45 GMT" time="0.016" errors="0">
  <testcase name="testMethodOne" time="0.0" classname="com.suntaragali.test.IncludeExcludeGroupTest"/>
  <testcase name="testMethodThree" time="0.0" classname="com.suntaragali.test.IncludeExcludeGroupTest"/>
  <testcase name="testMethodTwo" time="0.0" classname="com.suntaragali.test.IncludeExcludeGroupTest">
    <ignored/>
  </testcase> <!-- testMethodTwo -->
</testsuite> <!-- Include Exclude Group Test -->
