<?xml version="1.0" encoding="UTF-8"?>
<!-- Generated by org.testng.reporters.JUnitXMLReporter -->
<testsuite hostname="SVINLP00359" ignored="1" name="Group Test One" tests="2" failures="0" timestamp="19 Jul 2019 04:58:30 GMT" time="0.038" errors="0">
  <testcase name="testMethodOne" time="0.015" classname="com.suntaragali.groups.MultiGroup"/>
  <testcase name="testMethodTwo" time="0.007" classname="com.suntaragali.groups.MultiGroup"/>
  <testcase name="testMethodThree" time="0.0" classname="com.suntaragali.groups.MultiGroup">
    <ignored/>
  </testcase> <!-- testMethodThree -->
</testsuite> <!-- Group Test One -->
