<?xml version="1.0" encoding="UTF-8"?>
<!-- Generated by org.testng.reporters.JUnitXMLReporter -->
<testsuite hostname="SVINLP00359" ignored="1" name="First Test" tests="1" failures="0" timestamp="18 Jul 2019 06:51:35 GMT" time="0.021" errors="0">
  <testcase name="testOneMethod" time="0.004" classname="com.suntaragali.beforeafter.TestBeforeAfter"/>
  <testcase name="testTwoMethod" time="0.0" classname="com.suntaragali.beforeafter.TestBeforeAfter">
    <ignored/>
  </testcase> <!-- testTwoMethod -->
</testsuite> <!-- First Test -->
