<?xml version="1.0" encoding="UTF-8"?>
<!-- Generated by org.testng.reporters.JUnitXMLReporter -->
<testsuite hostname="SVINLP00359" ignored="0" name="Factory Dependency Test" tests="4" failures="0" timestamp="22 Jul 2019 06:59:43 GMT" time="0.025" errors="0">
  <testcase name="testMethodTwo" time="0.0" classname="com.suntaragali.classes.DependencyTest"/>
  <testcase name="testMethodOne" time="0.0" classname="com.suntaragali.classes.DependencyTest"/>
  <testcase name="testMethodTwo" time="0.0" classname="com.suntaragali.classes.DependencyTest"/>
  <testcase name="testMethodOne" time="0.0" classname="com.suntaragali.classes.DependencyTest"/>
</testsuite> <!-- Factory Dependency Test -->
