<?xml version="1.0" encoding="UTF-8"?>
<!-- Generated by org.testng.reporters.JUnitXMLReporter -->
<testsuite hostname="SVINLP00359" ignored="0" name="Data Provider Test" tests="2" failures="0" timestamp="18 Jul 2019 13:28:21 GMT" time="0.043" errors="0">
  <testcase name="testMethod" time="0.006" classname="com.suntaragali.dataprovider.SameClassDataProvider"/>
  <testcase name="testMethod" time="0.001" classname="com.suntaragali.dataprovider.SameClassDataProvider"/>
</testsuite> <!-- Data Provider Test -->
