<?xml version="1.0" encoding="UTF-8"?>
<!-- Generated by org.testng.reporters.JUnitXMLReporter -->
<testsuite hostname="SVINLP00359" ignored="1" name="Include Exclude Test" tests="2" failures="0" timestamp="24 Jul 2019 07:38:55 GMT" time="0.031" errors="0">
  <testcase name="testMethodOne" time="0.015" classname="com.suntaragali.test.IncludeExcludeMethodTest"/>
  <testcase name="testMethodTwo" time="0.0" classname="com.suntaragali.test.IncludeExcludeMethodTest"/>
  <testcase name="testMethodThree" time="0.0" classname="com.suntaragali.test.IncludeExcludeMethodTest">
    <ignored/>
  </testcase> <!-- testMethodThree -->
</testsuite> <!-- Include Exclude Test -->
