<?xml version="1.0" encoding="UTF-8"?>
<!-- Generated by org.testng.reporters.JUnitXMLReporter -->
<testsuite hostname="SVINLP00359" ignored="0" name="Dependency Code Test" tests="5" failures="0" timestamp="24 Jul 2019 08:20:02 GMT" time="0.015" errors="0">
  <testcase name="testMethodFive" time="0.0" classname="com.suntaragali.test.DependencyTest"/>
  <testcase name="testMethodFour" time="0.0" classname="com.suntaragali.test.DependencyTest"/>
  <testcase name="testMethodOne" time="0.0" classname="com.suntaragali.test.DependencyTest"/>
  <testcase name="testMethodThree" time="0.0" classname="com.suntaragali.test.DependencyTest"/>
  <testcase name="testMethodTwo" time="0.0" classname="com.suntaragali.test.DependencyTest"/>
</testsuite> <!-- Dependency Code Test -->
