<?xml version="1.0" encoding="UTF-8"?>
<!-- Generated by org.testng.reporters.JUnitXMLReporter -->
<testsuite hostname="SVINLP00359" ignored="0" name="Package Test" tests="8" failures="0" timestamp="17 Jul 2019 10:45:03 GMT" time="0.047" errors="0">
  <testcase name="firstTest" time="0.007" classname="com.suntaragali.firstpackage.FirstTest"/>
  <testcase name="secondTest" time="0.001" classname="com.suntaragali.firstpackage.FirstTest"/>
  <testcase name="firstTest" time="0.001" classname="com.suntaragali.thirdpackage.FirstTest"/>
  <testcase name="secondTest" time="0.001" classname="com.suntaragali.thirdpackage.FirstTest"/>
  <testcase name="firstTest" time="0.0" classname="com.suntaragali.firstpackage.SecondTest"/>
  <testcase name="secondTest" time="0.001" classname="com.suntaragali.firstpackage.SecondTest"/>
  <testcase name="firstTest" time="0.002" classname="com.suntaragali.thirdpackage.SecondTest"/>
  <testcase name="secondTest" time="0.001" classname="com.suntaragali.thirdpackage.SecondTest"/>
</testsuite> <!-- Package Test -->
