<?xml version="1.0" encoding="UTF-8"?>
<!-- Generated by org.testng.reporters.JUnitXMLReporter -->
<testsuite hostname="SVINLP00359" ignored="2" name="Simple xml dependency Test" tests="1" failures="0" timestamp="19 Jul 2019 09:43:25 GMT" time="0.031" errors="0">
  <testcase name="groupTestOne" time="0.0" classname="com.suntaragali.dependency.SimpleXmlDependency"/>
  <testcase name="groupTestThree" time="0.0" classname="com.suntaragali.dependency.SimpleXmlDependency">
    <ignored/>
  </testcase> <!-- groupTestThree -->
  <testcase name="groupTestTwo" time="0.0" classname="com.suntaragali.dependency.SimpleXmlDependency">
    <ignored/>
  </testcase> <!-- groupTestTwo -->
</testsuite> <!-- Simple xml dependency Test -->
