<?xml version="1.0" encoding="UTF-8"?>
<!-- Generated by org.testng.reporters.JUnitXMLReporter -->
<testsuite hostname="SVINLP00359" ignored="0" name="Time out Test" tests="2" failures="1" timestamp="18 Jul 2019 10:18:37 GMT" time="0.962" errors="0">
  <testcase name="timeTestOne" time="0.542" classname="com.suntaragali.testngpractice.TimeSuite">
    <failure type="org.testng.internal.thread.ThreadTimeoutException" message="Method com.suntaragali.testngpractice.TimeSuite.timeTestOne() didn&amp;apos;t finish within the time-out 500">
      <![CDATA[org.testng.internal.thread.ThreadTimeoutException: Method com.suntaragali.testngpractice.TimeSuite.timeTestOne() didn't finish within the time-out 500
]]>
    </failure>
  </testcase> <!-- timeTestOne -->
  <testcase name="timeTestTwo" time="0.402" classname="com.suntaragali.testngpractice.TimeSuite"/>
</testsuite> <!-- Time out Test -->
