<?xml version="1.0" encoding="UTF-8"?>
<!-- Generated by org.testng.reporters.JUnitXMLReporter -->
<testsuite hostname="SVINLP00359" ignored="0" name="Independent Test" tests="6" failures="0" timestamp="22 Jul 2019 10:08:52 GMT" time="0.031" errors="0">
  <testcase name="testMethod" time="0.0" classname="com.suntaragali.parallelism.SampleIndependentTestInParallel"/>
  <testcase name="testMethod" time="0.0" classname="com.suntaragali.parallelism.SampleIndependentTestInParallel"/>
  <testcase name="testMethod" time="0.0" classname="com.suntaragali.parallelism.SampleIndependentTestInParallel"/>
  <testcase name="testMethod" time="0.0" classname="com.suntaragali.parallelism.SampleIndependentTestInParallel"/>
  <testcase name="testMethod" time="0.0" classname="com.suntaragali.parallelism.SampleIndependentTestInParallel"/>
  <testcase name="testMethod" time="0.0" classname="com.suntaragali.parallelism.SampleIndependentTestInParallel"/>
</testsuite> <!-- Independent Test -->
