<?xml version="1.0" encoding="UTF-8"?>
<!-- Generated by org.testng.reporters.JUnitXMLReporter -->
<testsuite hostname="SVINLP00359" ignored="0" name="Simple Test" tests="2" failures="0" timestamp="22 Jul 2019 07:31:57 GMT" time="0.022" errors="0">
  <testcase name="testMethodsOne" time="0.007" classname="com.suntaragali.parallelism.SimpleParallelismTest"/>
  <testcase name="testMethodsTwo" time="0.007" classname="com.suntaragali.parallelism.SimpleParallelismTest"/>
</testsuite> <!-- Simple Test -->
