<?xml version="1.0" encoding="UTF-8"?>
<testng-results skipped="0" failed="0" ignored="0" total="6" passed="6">
  <reporter-output>
  </reporter-output>
  <suite name="Independent Test in Parallel" duration-ms="31" started-at="2019-07-22T10:08:51Z" finished-at="2019-07-22T10:08:52Z">
    <groups>
    </groups>
    <test name="Independent Test" duration-ms="31" started-at="2019-07-22T10:08:51Z" finished-at="2019-07-22T10:08:52Z">
      <class name="com.suntaragali.parallelism.SampleIndependentTestInParallel">
        <test-method status="PASS" signature="testMethod()[pri:0, instance:com.suntaragali.parallelism.SampleIndependentTestInParallel@50c87b21]" name="testMethod" duration-ms="0" started-at="2019-07-22T10:08:52Z" finished-at="2019-07-22T10:08:52Z">
          <reporter-output>
          </reporter-output>
        </test-method> <!-- testMethod -->
        <test-method status="PASS" signature="testMethod()[pri:0, instance:com.suntaragali.parallelism.SampleIndependentTestInParallel@50c87b21]" name="testMethod" duration-ms="0" started-at="2019-07-22T10:08:52Z" finished-at="2019-07-22T10:08:52Z">
          <reporter-output>
          </reporter-output>
        </test-method> <!-- testMethod -->
        <test-method status="PASS" signature="testMethod()[pri:0, instance:com.suntaragali.parallelism.SampleIndependentTestInParallel@50c87b21]" name="testMethod" duration-ms="0" started-at="2019-07-22T10:08:52Z" finished-at="2019-07-22T10:08:52Z">
          <reporter-output>
          </reporter-output>
        </test-method> <!-- testMethod -->
        <test-method status="PASS" signature="testMethod()[pri:0, instance:com.suntaragali.parallelism.SampleIndependentTestInParallel@50c87b21]" name="testMethod" duration-ms="0" started-at="2019-07-22T10:08:52Z" finished-at="2019-07-22T10:08:52Z">
          <reporter-output>
          </reporter-output>
        </test-method> <!-- testMethod -->
        <test-method status="PASS" signature="testMethod()[pri:0, instance:com.suntaragali.parallelism.SampleIndependentTestInParallel@50c87b21]" name="testMethod" duration-ms="0" started-at="2019-07-22T10:08:52Z" finished-at="2019-07-22T10:08:52Z">
          <reporter-output>
          </reporter-output>
        </test-method> <!-- testMethod -->
        <test-method status="PASS" signature="testMethod()[pri:0, instance:com.suntaragali.parallelism.SampleIndependentTestInParallel@50c87b21]" name="testMethod" duration-ms="0" started-at="2019-07-22T10:08:52Z" finished-at="2019-07-22T10:08:52Z">
          <reporter-output>
          </reporter-output>
        </test-method> <!-- testMethod -->
      </class> <!-- com.suntaragali.parallelism.SampleIndependentTestInParallel -->
    </test> <!-- Independent Test -->
  </suite> <!-- Independent Test in Parallel -->
</testng-results>
