<?xml version="1.0" encoding="UTF-8"?>
<!-- Generated by org.testng.reporters.JUnitXMLReporter -->
<testsuite hostname="SVINLP00359" ignored="2" name="Group of Group Test" tests="2" failures="0" timestamp="19 Jul 2019 06:14:39 GMT" time="0.019" errors="0">
  <testcase name="testMethodOne" time="0.0" classname="com.suntaragali.groups.RegularExpressionGroup"/>
  <testcase name="testMethodTwo" time="0.0" classname="com.suntaragali.groups.RegularExpressionGroup"/>
  <testcase name="testMethodThree" time="0.0" classname="com.suntaragali.groups.RegularExpressionGroup">
    <ignored/>
  </testcase> <!-- testMethodThree -->
  <testcase name="testMethodFour" time="0.0" classname="com.suntaragali.groups.RegularExpressionGroup">
    <ignored/>
  </testcase> <!-- testMethodFour -->
</testsuite> <!-- Group of Group Test -->
