<?xml version="1.0" encoding="UTF-8"?>
<testng-results skipped="0" failed="0" ignored="2" total="3" passed="1">
  <reporter-output>
  </reporter-output>
  <suite name="Multi Group XML Dependency Suite" duration-ms="16" started-at="2019-07-19T10:02:21Z" finished-at="2019-07-19T10:02:21Z">
    <groups>
      <group name="dependent-group">
        <method signature="MultiGrpXmlDependency.groupTestOne()[pri:0, instance:com.suntaragali.dependency.MultiGrpXmlDependency@56f4468b]" name="groupTestOne" class="com.suntaragali.dependency.MultiGrpXmlDependency"/>
      </group> <!-- dependent-group -->
    </groups>
    <test name="Multi Group XML Dependency Test" duration-ms="16" started-at="2019-07-19T10:02:21Z" finished-at="2019-07-19T10:02:21Z">
      <class name="com.suntaragali.dependency.MultiGrpXmlDependency">
        <test-method status="PASS" signature="groupTestOne()[pri:0, instance:com.suntaragali.dependency.MultiGrpXmlDependency@56f4468b]" name="groupTestOne" duration-ms="0" started-at="2019-07-19T10:02:21Z" finished-at="2019-07-19T10:02:21Z">
          <reporter-output>
          </reporter-output>
        </test-method> <!-- groupTestOne -->
      </class> <!-- com.suntaragali.dependency.MultiGrpXmlDependency -->
    </test> <!-- Multi Group XML Dependency Test -->
  </suite> <!-- Multi Group XML Dependency Suite -->
</testng-results>
