<?xml version="1.0" encoding="UTF-8"?>
<!-- Generated by org.testng.reporters.JUnitXMLReporter -->
<testsuite hostname="SVINLP00359" ignored="2" name="Multi Group XML Dependency Test" tests="1" failures="0" timestamp="19 Jul 2019 10:02:21 GMT" time="0.016" errors="0">
  <testcase name="groupTestOne" time="0.0" classname="com.suntaragali.dependency.MultiGrpXmlDependency"/>
  <testcase name="groupOneTestTwo" time="0.0" classname="com.suntaragali.dependency.MultiGrpXmlDependency">
    <ignored/>
  </testcase> <!-- groupOneTestTwo -->
  <testcase name="groupTestThree" time="0.0" classname="com.suntaragali.dependency.MultiGrpXmlDependency">
    <ignored/>
  </testcase> <!-- groupTestThree -->
</testsuite> <!-- Multi Group XML Dependency Test -->
