<?xml version="1.0" encoding="UTF-8"?>
<!-- Generated by org.testng.reporters.JUnitXMLReporter -->
<testsuite hostname="SVINLP00359" ignored="1" name="Exclude Method Test" tests="1" failures="0" timestamp="17 Jul 2019 10:57:27 GMT" time="0.025" errors="0">
  <testcase name="secondTest" time="0.007" classname="com.suntaragali.thirdpackage.FirstTest"/>
  <testcase name="firstTest" time="0.0" classname="com.suntaragali.thirdpackage.FirstTest">
    <ignored/>
  </testcase> <!-- firstTest -->
</testsuite> <!-- Exclude Method Test -->
