<?xml version="1.0" encoding="UTF-8"?>
<!-- Generated by org.testng.reporters.JUnitXMLReporter -->
<testsuite hostname="SVINLP00359" ignored="0" name="Default test" tests="18" failures="0" timestamp="22 Jul 2019 06:03:20 GMT" time="0.062" errors="0">
  <testcase name="testMethod" time="0.005" classname="com.suntaragali.classes.ExampleFactoryTest"/>
  <testcase name="testMethod" time="0.001" classname="com.suntaragali.classes.ExampleFactoryTest"/>
  <testcase name="testMethod" time="0.001" classname="com.suntaragali.classes.DataProviderClass"/>
  <testcase name="testMethod" time="0.001" classname="com.suntaragali.classes.DataProviderClass"/>
  <testcase name="testMethodOne" time="0.001" classname="com.suntaragali.classes.ParameterTest"/>
  <testcase name="testMethodOne" time="0.001" classname="com.suntaragali.classes.ParameterTest"/>
  <testcase name="testMethodTwo" time="0.0" classname="com.suntaragali.classes.ParameterTest"/>
  <testcase name="testMethodTwo" time="0.001" classname="com.suntaragali.classes.ParameterTest"/>
  <testcase name="testMethodOne" time="0.001" classname="com.suntaragali.classes.DataProviderConsTest"/>
  <testcase name="testMethodOne" time="0.001" classname="com.suntaragali.classes.DataProviderConsTest"/>
  <testcase name="testMethodTwo" time="0.001" classname="com.suntaragali.classes.DataProviderConsTest"/>
  <testcase name="testMethodTwo" time="0.001" classname="com.suntaragali.classes.DataProviderConsTest"/>
  <testcase name="simpleTest" time="0.001" classname="com.suntaragali.classes.SimpleTest"/>
  <testcase name="simpleTest" time="0.001" classname="com.suntaragali.classes.SimpleTest"/>
  <testcase name="testMethodTwo" time="0.0" classname="com.suntaragali.classes.DependencyTest"/>
  <testcase name="testMethodTwo" time="0.001" classname="com.suntaragali.classes.DependencyTest"/>
  <testcase name="testMethodOne" time="0.001" classname="com.suntaragali.classes.DependencyTest"/>
  <testcase name="testMethodOne" time="0.0" classname="com.suntaragali.classes.DependencyTest"/>
</testsuite> <!-- Default test -->
