<?xml version="1.0" encoding="UTF-8"?>
<!-- Generated by org.testng.reporters.JUnitXMLReporter -->
<testsuite hostname="SVINLP00359" ignored="1" name="Method Test" tests="3" failures="0" timestamp="17 Jul 2019 10:50:29 GMT" time="0.031" errors="0">
  <testcase name="firstTest" time="0.0" classname="com.suntaragali.firstpackage.FirstTest"/>
  <testcase name="secondTest" time="0.0" classname="com.suntaragali.firstpackage.FirstTest"/>
  <testcase name="firstTest" time="0.0" classname="com.suntaragali.thirdpackage.FirstTest"/>
  <testcase name="secondTest" time="0.0" classname="com.suntaragali.thirdpackage.FirstTest">
    <ignored/>
  </testcase> <!-- secondTest -->
</testsuite> <!-- Method Test -->
