<?xml version="1.0" encoding="UTF-8"?>
<!-- Generated by org.testng.reporters.JUnitXMLReporter -->
<testsuite hostname="SVINLP00359" ignored="0" name="Test Method Parallelism Test" tests="2" failures="0" timestamp="22 Jul 2019 07:44:00 GMT" time="0.031" errors="0">
  <testcase name="testMethodsOne" time="0.015" classname="com.suntaragali.parallelism.SampleTestLevelParallelism"/>
  <testcase name="testMethodsTwo" time="0.015" classname="com.suntaragali.parallelism.SampleTestLevelParallelism"/>
</testsuite> <!-- Test Method Parallelism Test -->
