<?xml version="1.0" encoding="UTF-8"?>
<!-- Generated by org.testng.reporters.JUnitXMLReporter -->
<testsuite hostname="SVINLP00359" ignored="0" name="Different class dependency test" tests="15" failures="0" timestamp="19 Jul 2019 07:12:18 GMT" time="0.057" errors="0">
  <testcase name="testThree" time="0.016" classname="com.suntaragali.dependency.DifferentClassDependency"/>
  <testcase name="testTwo" time="0.0" classname="com.suntaragali.dependency.DifferentClassDependency"/>
  <testcase name="testFour" time="0.0" classname="com.suntaragali.dependency.InheritedDependencyTest"/>
  <testcase name="testTwo" time="0.0" classname="com.suntaragali.dependency.SimpleDependencyTest"/>
  <testcase name="testThree" time="0.0" classname="com.suntaragali.dependency.MultiDependencyTest"/>
  <testcase name="testTwo" time="0.0" classname="com.suntaragali.dependency.MultiDependencyTest"/>
  <testcase name="testTwo" time="0.0" classname="com.suntaragali.dependency.SimpleDependencyTest"/>
  <testcase name="groupTestThree" time="0.0" classname="com.suntaragali.dependency.SimpleGroupDependency"/>
  <testcase name="groupTestTwo" time="0.0" classname="com.suntaragali.dependency.SimpleGroupDependency"/>
  <testcase name="testOne" time="0.0" classname="com.suntaragali.dependency.DifferentClassDependency"/>
  <testcase name="testOne" time="0.0" classname="com.suntaragali.dependency.SimpleDependencyTest"/>
  <testcase name="testOne" time="0.0" classname="com.suntaragali.dependency.MultiDependencyTest"/>
  <testcase name="testOne" time="0.0" classname="com.suntaragali.dependency.SimpleDependencyTest"/>
  <testcase name="groupTestOne" time="0.0" classname="com.suntaragali.dependency.SimpleGroupDependency"/>
  <testcase name="testThree" time="0.0" classname="com.suntaragali.dependency.InheritedDependencyTest"/>
</testsuite> <!-- Different class dependency test -->
