<?xml version="1.0" encoding="UTF-8"?>
<testng-results skipped="0" failed="0" ignored="0" total="5" passed="5">
  <reporter-output>
  </reporter-output>
  <suite name="Dependency Code Test Suite" duration-ms="15" started-at="2019-07-24T08:20:02Z" finished-at="2019-07-24T08:20:02Z">
    <groups>
      <group name="group-one">
        <method signature="DependencyTest.testMethodOne()[pri:0, instance:com.suntaragali.test.DependencyTest@5c8da962]" name="testMethodOne" class="com.suntaragali.test.DependencyTest"/>
        <method signature="DependencyTest.testMethodThree()[pri:0, instance:com.suntaragali.test.DependencyTest@5c8da962]" name="testMethodThree" class="com.suntaragali.test.DependencyTest"/>
        <method signature="DependencyTest.testMethodTwo()[pri:0, instance:com.suntaragali.test.DependencyTest@5c8da962]" name="testMethodTwo" class="com.suntaragali.test.DependencyTest"/>
      </group> <!-- group-one -->
      <group name="group-two">
        <method signature="DependencyTest.testMethodFive()[pri:0, instance:com.suntaragali.test.DependencyTest@5c8da962]" name="testMethodFive" class="com.suntaragali.test.DependencyTest"/>
        <method signature="DependencyTest.testMethodFour()[pri:0, instance:com.suntaragali.test.DependencyTest@5c8da962]" name="testMethodFour" class="com.suntaragali.test.DependencyTest"/>
      </group> <!-- group-two -->
    </groups>
    <test name="Dependency Code Test" duration-ms="15" started-at="2019-07-24T08:20:02Z" finished-at="2019-07-24T08:20:02Z">
      <class name="com.suntaragali.test.DependencyTest">
        <test-method status="PASS" signature="testMethodTwo()[pri:0, instance:com.suntaragali.test.DependencyTest@5c8da962]" name="testMethodTwo" duration-ms="0" depends-on-groups="group-two" started-at="2019-07-24T08:20:02Z" finished-at="2019-07-24T08:20:02Z">
          <reporter-output>
          </reporter-output>
        </test-method> <!-- testMethodTwo -->
        <test-method status="PASS" signature="testMethodFive()[pri:0, instance:com.suntaragali.test.DependencyTest@5c8da962]" name="testMethodFive" duration-ms="0" started-at="2019-07-24T08:20:02Z" finished-at="2019-07-24T08:20:02Z">
          <reporter-output>
          </reporter-output>
        </test-method> <!-- testMethodFive -->
        <test-method status="PASS" signature="testMethodFour()[pri:0, instance:com.suntaragali.test.DependencyTest@5c8da962]" name="testMethodFour" duration-ms="0" started-at="2019-07-24T08:20:02Z" finished-at="2019-07-24T08:20:02Z">
          <reporter-output>
          </reporter-output>
        </test-method> <!-- testMethodFour -->
        <test-method status="PASS" signature="testMethodOne()[pri:0, instance:com.suntaragali.test.DependencyTest@5c8da962]" name="testMethodOne" duration-ms="0" depends-on-groups="group-two" started-at="2019-07-24T08:20:02Z" finished-at="2019-07-24T08:20:02Z">
          <reporter-output>
          </reporter-output>
        </test-method> <!-- testMethodOne -->
        <test-method status="PASS" signature="testMethodThree()[pri:0, instance:com.suntaragali.test.DependencyTest@5c8da962]" name="testMethodThree" duration-ms="0" depends-on-groups="group-two" started-at="2019-07-24T08:20:02Z" finished-at="2019-07-24T08:20:02Z">
          <reporter-output>
          </reporter-output>
        </test-method> <!-- testMethodThree -->
      </class> <!-- com.suntaragali.test.DependencyTest -->
    </test> <!-- Dependency Code Test -->
  </suite> <!-- Dependency Code Test Suite -->
</testng-results>
