<?xml version="1.0" encoding="UTF-8"?>
<!-- Generated by org.testng.reporters.JUnitXMLReporter -->
<testsuite hostname="SVINLP00359" ignored="0" name="Include Package Test" tests="4" failures="0" timestamp="17 Jul 2019 10:53:44 GMT" time="0.033" errors="0">
  <testcase name="firstTest" time="0.007" classname="com.suntaragali.secondpackage.FirstTest"/>
  <testcase name="secondTest" time="0.001" classname="com.suntaragali.secondpackage.FirstTest"/>
  <testcase name="firstTest" time="0.001" classname="com.suntaragali.secondpackage.SecondTest"/>
  <testcase name="secondTest" time="0.001" classname="com.suntaragali.secondpackage.SecondTest"/>
</testsuite> <!-- Include Package Test -->
