<?xml version="1.0" encoding="UTF-8"?>
<!-- Generated by org.testng.reporters.JUnitXMLReporter -->
<testsuite hostname="SVINLP00359" ignored="2" name="Regular Exp Test" tests="4" failures="0" timestamp="18 Jul 2019 12:14:47 GMT" time="0.034" errors="0">
  <testcase name="excludeTestFirst" time="0.004" classname="com.suntaragali.regularexp.RegularExp"/>
  <testcase name="excludeTestSecond" time="0.002" classname="com.suntaragali.regularexp.RegularExp"/>
  <testcase name="includeTestFirst" time="0.001" classname="com.suntaragali.regularexp.RegularExp"/>
  <testcase name="includeTestSecond" time="0.001" classname="com.suntaragali.regularexp.RegularExp"/>
  <testcase name="includeMethod" time="0.0" classname="com.suntaragali.regularexp.RegularExp">
    <ignored/>
  </testcase> <!-- includeMethod -->
  <testcase name="excludeMethod" time="0.0" classname="com.suntaragali.regularexp.RegularExp">
    <ignored/>
  </testcase> <!-- excludeMethod -->
</testsuite> <!-- Regular Exp Test -->
