<?xml version="1.0" encoding="UTF-8"?>
<!-- Generated by org.testng.reporters.JUnitXMLReporter -->
<testsuite hostname="SVINLP00359" ignored="1" name="Exclude Group Test" tests="2" failures="0" timestamp="19 Jul 2019 05:19:32 GMT" time="0.031" errors="0">
  <testcase name="testMethodOne" time="0.015" classname="com.suntaragali.groups.ExcludeGroup"/>
  <testcase name="testMethodTwo" time="0.0" classname="com.suntaragali.groups.ExcludeGroup"/>
  <testcase name="testMethodThree" time="0.0" classname="com.suntaragali.groups.ExcludeGroup">
    <ignored/>
  </testcase> <!-- testMethodThree -->
</testsuite> <!-- Exclude Group Test -->
