<?xml version="1.0" encoding="UTF-8"?>
<!-- Generated by org.testng.reporters.JUnitXMLReporter -->
<testsuite hostname="SVINLP00359" ignored="0" name="ReportNG Test" tests="3" failures="1" timestamp="23 Jul 2019 06:36:33 GMT" time="0.035" errors="0">
  <testcase name="testMethodTwo" time="0.0" classname="com.suntaragali.sample.SampleTest">
    <failure type="java.lang.AssertionError" message="expected [true] but found [false]">
      <![CDATA[java.lang.AssertionError: expected [true] but found [false]
at com.suntaragali.sample.SampleTest.testMethodTwo(SampleTest.java:15)
... Removed 29 stack frames]]>
    </failure>
  </testcase> <!-- testMethodTwo -->
  <testcase name="testMethodOne" time="0.0" classname="com.suntaragali.sample.SampleTest"/>
  <testcase name="testMethodThree" time="0.0" classname="com.suntaragali.sample.SampleTest">
    <skipped/>
  </testcase> <!-- testMethodThree -->
</testsuite> <!-- ReportNG Test -->
