<?xml version="1.0" encoding="UTF-8"?>
<!-- Generated by org.testng.reporters.JUnitXMLReporter -->
<testsuite hostname="SVINLP00359" ignored="2" name="Default Group Test Two" tests="1" failures="0" timestamp="19 Jul 2019 06:06:07 GMT" time="0.007" errors="0">
  <testcase name="testMethodThree" time="0.0" classname="com.suntaragali.groups.DefaultGroup"/>
  <testcase name="testMethodOne" time="0.0" classname="com.suntaragali.groups.DefaultGroup">
    <ignored/>
  </testcase> <!-- testMethodOne -->
  <testcase name="testMethodTwo" time="0.0" classname="com.suntaragali.groups.DefaultGroup">
    <ignored/>
  </testcase> <!-- testMethodTwo -->
</testsuite> <!-- Default Group Test Two -->
