<?xml version="1.0" encoding="UTF-8"?>
<!-- Generated by org.testng.reporters.JUnitXMLReporter -->
<testsuite hostname="SVINLP00359" ignored="0" name="Default Group Test" tests="3" failures="0" timestamp="19 Jul 2019 06:06:07 GMT" time="0.031" errors="0">
  <testcase name="testMethodOne" time="0.016" classname="com.suntaragali.groups.DefaultGroup"/>
  <testcase name="testMethodThree" time="0.0" classname="com.suntaragali.groups.DefaultGroup"/>
  <testcase name="testMethodTwo" time="0.0" classname="com.suntaragali.groups.DefaultGroup"/>
</testsuite> <!-- Default Group Test -->
