<?xml version="1.0" encoding="UTF-8"?>
<!-- Generated by org.testng.reporters.JUnitXMLReporter -->
<testsuite hostname="SVINLP00359" ignored="1" name="GRP-test-group" tests="2" failures="0" timestamp="19 Jul 2019 04:32:13 GMT" time="0.024" errors="0">
  <testcase name="testMethodOne" time="0.006" classname="com.suntaragali.groups.TestGroup"/>
  <testcase name="testMethodThree" time="0.0" classname="com.suntaragali.groups.TestGroup"/>
  <testcase name="testMethodTwo" time="0.0" classname="com.suntaragali.groups.TestGroup">
    <ignored/>
  </testcase> <!-- testMethodTwo -->
</testsuite> <!-- GRP-test-group -->
