<?xml version="1.0" encoding="UTF-8"?>
<!-- Generated by org.testng.reporters.JUnitXMLReporter -->
<testsuite hostname="SVINLP00359" ignored="0" name="Test" tests="6" failures="0" timestamp="17 Jul 2019 10:41:59 GMT" time="0.04" errors="0">
  <testcase name="firstTest" time="0.007" classname="com.suntaragali.firstpackage.FirstTest"/>
  <testcase name="secondTest" time="0.001" classname="com.suntaragali.firstpackage.FirstTest"/>
  <testcase name="firstTest" time="0.001" classname="com.suntaragali.secondpackage.SecondTest"/>
  <testcase name="secondTest" time="0.001" classname="com.suntaragali.secondpackage.SecondTest"/>
  <testcase name="firstTest" time="0.002" classname="com.suntaragali.thirdpackage.FirstTest"/>
  <testcase name="secondTest" time="0.001" classname="com.suntaragali.thirdpackage.FirstTest"/>
</testsuite> <!-- Test -->
